\BOOKMARK [1][-]{section*.1}{Contents}{}% 1
\BOOKMARK [1][-]{section*.2}{For the Impatiente}{}% 2
\BOOKMARK [1][-]{section*.3}{Introduction}{}% 3
\BOOKMARK [1][-]{section*.4}{Software installation}{}% 4
\BOOKMARK [1][-]{section*.5}{Crimes and Misdemeanors}{}% 5
\BOOKMARK [1][-]{section*.6}{Initialization}{}% 6
\BOOKMARK [1][-]{section*.7}{Inkscape}{}% 7
\BOOKMARK [1][-]{section*.8}{magick}{}% 8
\BOOKMARK [1][-]{section*.9}{Haydock Coefficients}{}% 9
\BOOKMARK [1][-]{section*.10}{Electric Fields}{}% 10
\BOOKMARK [1][-]{section*.11}{Macroscopic Dielectric Function}{}% 11
\BOOKMARK [1][-]{section*.12}{Plots}{}% 12
\BOOKMARK [1][-]{section*.13}{Movies}{}% 13
\BOOKMARK [1][-]{section*.14}{Dipolar Fields}{}% 14
\BOOKMARK [1][-]{section*.15}{the-hole-enchilada}{}% 15
\BOOKMARK [1][-]{section*.16}{Example}{}% 16
\BOOKMARK [2][-]{section*.17}{Run}{section*.16}% 17
\BOOKMARK [2][-]{section*.18}{Redo the Plots}{section*.16}% 18
\BOOKMARK [1][-]{section*.19}{Internal Checkups}{}% 19
\BOOKMARK [2][-]{section*.20}{PE approach}{section*.19}% 20
\BOOKMARK [2][-]{section*.21}{Dipolar Approximation}{section*.19}% 21
\BOOKMARK [1][-]{section*.22}{Notes}{}% 22
\BOOKMARK [2][-]{section*.23}{General theory}{section*.22}% 23
\BOOKMARK [1][-]{section*.24}{Optical Activity}{}% 24
\BOOKMARK [2][-]{section*.25}{Diagonalization}{section*.24}% 25
\BOOKMARK [2][-]{section*.26}{Elliptical Polarization}{section*.24}% 26
\BOOKMARK [1][-]{section*.27}{Complex Eigenvectors}{}% 27
\BOOKMARK [1][-]{section*.28}{Projection of the Electric Field}{}% 28
\BOOKMARK [1][-]{section*.29}{Ellipses}{}% 29
